Tue Dec  1 19:16:56 2020: Hive (C:\Users\zm_se\Desktop\NTUSER.DAT) is dirty.

Tue Dec  1 19:16:56 2020: Log opened.
Tue Dec  1 19:16:56 2020: File: C:\Users\zm_se\Desktop\NTUSER.DAT
Tue Dec  1 19:16:56 2020: Environment set up.
Tue Dec  1 19:16:58 2020: Launching adobe v.20200522
Tue Dec  1 19:16:58 2020: Launching allowedenum v.20200511
Tue Dec  1 19:16:59 2020: Launching appassoc v.20200515
Tue Dec  1 19:16:59 2020: Launching appcompatflags v.20200525
Tue Dec  1 19:16:59 2020: Launching appkeys v.20200517
Tue Dec  1 19:16:59 2020: Launching applets v.20200525
Tue Dec  1 19:16:59 2020: Launching apppaths v.20200511
Tue Dec  1 19:16:59 2020: Launching appspecific v.20200515
Tue Dec  1 19:16:59 2020: Launching appx v.20200427
Tue Dec  1 19:16:59 2020: Launching arpcache v.20200515
Tue Dec  1 19:16:59 2020: Launching attachmgr v.20200525
Tue Dec  1 19:16:59 2020: Launching cached v.20200525
Tue Dec  1 19:16:59 2020: Launching cmdproc v.20200515
Tue Dec  1 19:17:00 2020: Launching comdlg32 v.20200517
Tue Dec  1 19:17:00 2020: Launching compdesc v.20200511
Tue Dec  1 19:17:00 2020: Launching DDO v.20140414
Tue Dec  1 19:17:00 2020: Launching disablemru v.20190924
Tue Dec  1 19:17:00 2020: Launching environment v.20200512
Tue Dec  1 19:17:00 2020: Launching featureusage v.20200511
Tue Dec  1 19:17:01 2020: Launching identities v.20200525
Tue Dec  1 19:17:01 2020: Launching injectdll64 v.20200427
Tue Dec  1 19:17:01 2020: Launching jumplistdata v.20200517
Tue Dec  1 19:17:01 2020: Launching knowndev v.20200515
Tue Dec  1 19:17:01 2020: Launching listsoft v.20200517
